<?xml version="1.0" encoding="UTF-8"?>
<testsuite xmlns:xsi="http://www.w3.org/2001/XMLSchema-instance" xsi:noNamespaceSchemaLocation="https://maven.apache.org/surefire/maven-surefire-plugin/xsd/surefire-test-report-3.0.xsd" version="3.0" name="TestSuite" time="27.206" tests="3" errors="0" skipped="0" failures="0">
  <properties>
[...]
</properties>
  <testcase name="runScenario[&quot;Validate Login with valid credential&quot;, &quot;Login Validation&quot;](1)" classname="testRunner.TestRunnerDevelopment" time="23.331">
    <system-out><![CDATA[
@All @Smoke @Account
Scenario: Validate user is able to create account                                                                              &amp#27;[90m# src/test/resources/features/Account.feature:4&amp#27;[0m

@All @Login1
Scenario: Validate Login with valid credential                                             &amp#27;[90m# src/test/resources/features/Login.feature:10&amp#27;[0m

@All @Smoke @Login
Scenario: Validate Login with valid credential                                             &amp#27;[90m# src/test/resources/features/Login.feature:4&amp#27;[0m
url
url
url
TakeScreenshot
Base64
  &amp#27;[32mGiven &amp#27;[0m&amp#27;[32mUser is on the Customer Account creation page&amp#27;[0m                                                                          &amp#27;[90m# stepDefinitions.Account.user_is_on_the_customer_account_creation_page()&amp#27;[0m

    Embedding screenshot [image/png 100376 bytes]

TakeScreenshot
Base64
  &amp#27;[32mGiven &amp#27;[0m&amp#27;[32mUser is on the login page&amp#27;[0m                                                          &amp#27;[90m# stepDefinitions.Login.user_is_on_the_login_page()&amp#27;[0m

    Embedding screenshot [image/png 109259 bytes]

TakeScreenshot
Base64
  &amp#27;[32mGiven &amp#27;[0m&amp#27;[32mUser is on the login page&amp#27;[0m                                                          &amp#27;[90m# stepDefinitions.Login.user_is_on_the_login_page()&amp#27;[0m

    Embedding screenshot [image/png 109265 bytes]

  &amp#27;[32mWhen &amp#27;[0m&amp#27;[32mUser enters Personal Information as &amp#27;[0m&amp#27;[32m&amp#27;[1m"FName"&amp#27;[0m&amp#27;[32m,&amp#27;[0m&amp#27;[32m&amp#27;[1m"LName"&amp#27;[0m&amp#27;[32m and Sign-in information as &amp#27;[0m&amp#27;[32m&amp#27;[1m"Email"&amp#27;[0m&amp#27;[32m,&amp#27;[0m&amp#27;[32m&amp#27;[1m"Password"&amp#27;[0m&amp#27;[32m and &amp#27;[0m&amp#27;[32m&amp#27;[1m"ConfirmPassword"&amp#27;[0m &amp#27;[90m# stepDefinitions.Account.user_enters_personal_information_as_and_sign_in_information_as_and(java.lang.String,java.lang.String,java.lang.String,java.lang.String,java.lang.String)&amp#27;[0m

    Embedding screenshot [image/png 79794 bytes]

  &amp#27;[32mWhen &amp#27;[0m&amp#27;[32mUser enters user id as &amp#27;[0m&amp#27;[32m&amp#27;[1m"mrreddy.testing@gmail.com"&amp#27;[0m&amp#27;[32m and passowrd as &amp#27;[0m&amp#27;[32m&amp#27;[1m"Automation@123"&amp#27;[0m &amp#27;[90m# stepDefinitions.Login.user_enters_user_id_as_and_passowrd_as(java.lang.String,java.lang.String)&amp#27;[0m

    Embedding screenshot [image/png 114933 bytes]

  &amp#27;[32mWhen &amp#27;[0m&amp#27;[32mUser enters user id as &amp#27;[0m&amp#27;[32m&amp#27;[1m"mrreddy.testing@gmail.com"&amp#27;[0m&amp#27;[32m and passowrd as &amp#27;[0m&amp#27;[32m&amp#27;[1m"Automation@123"&amp#27;[0m &amp#27;[90m# stepDefinitions.Login.user_enters_user_id_as_and_passowrd_as(java.lang.String,java.lang.String)&amp#27;[0m

    Embedding screenshot [image/png 114933 bytes]

TakeScreenshot
Base64
  &amp#27;[32mAnd &amp#27;[0m&amp#27;[32mUser clicks on sign-in button&amp#27;[0m                                                        &amp#27;[90m# stepDefinitions.Login.user_clicks_on_signin_button()&amp#27;[0m

    Embedding screenshot [image/png 402764 bytes]

]]></system-out>
    <system-err><![CDATA[SLF4J: Failed to load class "org.slf4j.impl.StaticLoggerBinder".
SLF4J: Defaulting to no-operation (NOP) logger implementation
SLF4J: See http://www.slf4j.org/codes.html#StaticLoggerBinder for further details.
]]></system-err>
  </testcase>
  <testcase name="runScenario[&quot;Validate Login with valid credential&quot;, &quot;Login Validation&quot;](2)" classname="testRunner.TestRunnerDevelopment" time="24.497">
    <system-out><![CDATA[TakeScreenshot
Base64
  &amp#27;[32mAnd &amp#27;[0m&amp#27;[32mUser clicks on sign-in button&amp#27;[0m                                                        &amp#27;[90m# stepDefinitions.Login.user_clicks_on_signin_button()&amp#27;[0m

    Embedding screenshot [image/png 402775 bytes]

TakeScreenshot
Base64
  &amp#27;[32mAnd &amp#27;[0m&amp#27;[32mUser clicks on Create an account button&amp#27;[0m                                                                                  &amp#27;[90m# stepDefinitions.Account.user_clicks_on_create_an_account_button()&amp#27;[0m
]]></system-out>
  </testcase>
  <testcase name="runScenario[&quot;Validate user is able to create account&quot;, &quot;Customeri Account Creation&quot;](3)" classname="testRunner.TestRunnerDevelopment" time="25.241">
    <system-out><![CDATA[
    Embedding screenshot [image/png 122930 bytes]

Thank you for registering with Main Website Store.
  &amp#27;[32mThen &amp#27;[0m&amp#27;[32mUser is on My Account page and verify SuccessMessage.&amp#27;[0m                                                                   &amp#27;[90m# stepDefinitions.Account.user_is_on_my_account_page_and_verify_SuccessMessage()&amp#27;[0m

    Embedding screenshot [image/png 129098 bytes]

]]></system-out>
  </testcase>
</testsuite>