<?xml version="1.0" encoding="UTF-8"?>
<testng-results ignored="0" total="3" passed="3" failed="0" skipped="0">
  <reporter-output>
  </reporter-output>
  <suite started-at="2024-03-31T12:24:48 IST" name="RegressionSuite" finished-at="2024-03-31T12:25:14 IST" duration-ms="26158">
    <groups>
      <group name="cucumber">
        <method signature="AbstractTestNGCucumberTests.runScenario(io.cucumber.testng.PickleWrapper,io.cucumber.testng.FeatureWrapper)[pri:0, instance:testRunner.TestRunnerDevelopment@451001e5]" name="runScenario" class="io.cucumber.testng.AbstractTestNGCucumberTests"/>
      </group> <!-- cucumber -->
    </groups>
    <test started-at="2024-03-31T12:24:48 IST" name="Module-1" finished-at="2024-03-31T12:25:14 IST" duration-ms="26158">
      <class name="testRunner.TestRunnerDevelopment">
        <test-method is-config="true" signature="setUpClass(org.testng.ITestContext)[pri:0, instance:testRunner.TestRunnerDevelopment@451001e5]" started-at="2024-03-31T12:24:48 IST" name="setUpClass" finished-at="2024-03-31T12:24:48 IST" duration-ms="678" status="PASS">
          <params>
            <param index="0">
              <value>
                <![CDATA[org.testng.TestRunner@18ece7f4]]>
              </value>
            </param>
          </params>
          <reporter-output>
          </reporter-output>
        </test-method> <!-- setUpClass -->
        <test-method signature="runScenario(io.cucumber.testng.PickleWrapper,io.cucumber.testng.FeatureWrapper)[pri:0, instance:testRunner.TestRunnerDevelopment@451001e5]" started-at="2024-03-31T12:24:48 IST" name="runScenario" description="Runs Cucumber Scenarios" data-provider="scenarios" finished-at="2024-03-31T12:25:13 IST" duration-ms="24501" status="PASS">
          <params>
            <param index="0">
              <value>
                <![CDATA["Validate Login with valid credential"]]>
              </value>
            </param>
            <param index="1">
              <value>
                <![CDATA["Login Validation"]]>
              </value>
            </param>
          </params>
          <reporter-output>
          </reporter-output>
        </test-method> <!-- runScenario -->
        <test-method signature="runScenario(io.cucumber.testng.PickleWrapper,io.cucumber.testng.FeatureWrapper)[pri:0, instance:testRunner.TestRunnerDevelopment@451001e5]" started-at="2024-03-31T12:24:48 IST" name="runScenario" description="Runs Cucumber Scenarios" data-provider="scenarios" finished-at="2024-03-31T12:25:12 IST" duration-ms="23328" status="PASS">
          <params>
            <param index="0">
              <value>
                <![CDATA["Validate Login with valid credential"]]>
              </value>
            </param>
            <param index="1">
              <value>
                <![CDATA["Login Validation"]]>
              </value>
            </param>
          </params>
          <reporter-output>
          </reporter-output>
        </test-method> <!-- runScenario -->
        <test-method signature="runScenario(io.cucumber.testng.PickleWrapper,io.cucumber.testng.FeatureWrapper)[pri:0, instance:testRunner.TestRunnerDevelopment@451001e5]" started-at="2024-03-31T12:24:48 IST" name="runScenario" description="Runs Cucumber Scenarios" data-provider="scenarios" finished-at="2024-03-31T12:25:14 IST" duration-ms="25244" status="PASS">
          <params>
            <param index="0">
              <value>
                <![CDATA["Validate user is able to create account"]]>
              </value>
            </param>
            <param index="1">
              <value>
                <![CDATA["Customeri Account Creation"]]>
              </value>
            </param>
          </params>
          <reporter-output>
          </reporter-output>
        </test-method> <!-- runScenario -->
        <test-method is-config="true" signature="tearDownClass()[pri:0, instance:testRunner.TestRunnerDevelopment@451001e5]" started-at="2024-03-31T12:25:14 IST" name="tearDownClass" finished-at="2024-03-31T12:25:14 IST" duration-ms="155" status="PASS">
          <reporter-output>
          </reporter-output>
        </test-method> <!-- tearDownClass -->
      </class> <!-- testRunner.TestRunnerDevelopment -->
    </test> <!-- Module-1 -->
  </suite> <!-- RegressionSuite -->
</testng-results>
